[01:21:46.273 Verbose] - BuildManager - System.IO.FileNotFoundException: Could not find file 'C:\Users\malia\source\repos\EADCA3\.vs\EADCA3\v16\lut\0\b\EADCA3\bin\Debug\net5.0\ref\EADCA3.dll'.
File name: 'C:\Users\malia\source\repos\EADCA3\.vs\EADCA3\v16\lut\0\b\EADCA3\bin\Debug\net5.0\ref\EADCA3.dll'
   at System.IO.__Error.WinIOError(Int32 errorCode, String maybeFullPath)
   at System.IO.FileStream.Init(String path, FileMode mode, FileAccess access, Int32 rights, Boolean useRights, FileShare share, Int32 bufferSize, FileOptions options, SECURITY_ATTRIBUTES secAttrs, String msgPath, Boolean bFromProxy, Boolean useLongPath, Boolean checkHost)
   at System.IO.FileStream..ctor(String path, FileMode mode, FileAccess access, FileShare share)
   at Roslyn.Utilities.StandardFileSystem.OpenFile(String filePath, FileMode mode, FileAccess access, FileShare share)
   at Roslyn.Utilities.CommonCompilerFileSystemExtensions.OpenFileWithNormalizedException(ICommonCompilerFileSystem fileSystem, String filePath, FileMode fileMode, FileAccess fileAccess, FileShare fileShare)
   at Microsoft.CodeAnalysis.LiveUnitTesting.BuildManagement.Legacy.CompilationComparer.TryGetReference(CommandLineReference commandLineReference, Logger logger, MetadataReference& reference)
[01:21:46.362 Verbose] - BuildManager - C:\Users\malia\source\repos\EADCA3\TestProject2\UnitTest1.cs(2,7): error CS0246: The type or namespace name 'EADCA3' could not be found (are you missing a using directive or an assembly reference?)
[01:21:46.362 Verbose] - BuildManager - C:\Users\malia\source\repos\EADCA3\TestProject2\UnitTest1.cs(13,13): error CS0246: The type or namespace name 'Result' could not be found (are you missing a using directive or an assembly reference?)
[01:21:46.362 Verbose] - BuildManager - C:\Users\malia\source\repos\EADCA3\TestProject2\UnitTest1.cs(13,29): error CS0246: The type or namespace name 'Result' could not be found (are you missing a using directive or an assembly reference?)
[01:21:46.362 Verbose] - BuildManager - C:\Users\malia\source\repos\EADCA3\TestProject2\UnitTest1.cs(23,13): error CS0246: The type or namespace name 'Root' could not be found (are you missing a using directive or an assembly reference?)
[01:21:46.362 Verbose] - BuildManager - C:\Users\malia\source\repos\EADCA3\TestProject2\UnitTest1.cs(23,27): error CS0246: The type or namespace name 'Root' could not be found (are you missing a using directive or an assembly reference?)
[01:21:46.362 Verbose] - BuildManager - C:\Users\malia\source\repos\EADCA3\TestProject2\UnitTest1.cs(33,13): error CS0246: The type or namespace name 'Root' could not be found (are you missing a using directive or an assembly reference?)
[01:21:46.362 Verbose] - BuildManager - C:\Users\malia\source\repos\EADCA3\TestProject2\UnitTest1.cs(33,27): error CS0246: The type or namespace name 'Root' could not be found (are you missing a using directive or an assembly reference?)
[01:21:46.362 Verbose] - BuildManager - C:\Users\malia\source\repos\EADCA3\TestProject2\UnitTest1.cs(43,13): error CS0246: The type or namespace name 'Root' could not be found (are you missing a using directive or an assembly reference?)
[01:21:46.362 Verbose] - BuildManager - C:\Users\malia\source\repos\EADCA3\TestProject2\UnitTest1.cs(43,27): error CS0246: The type or namespace name 'Root' could not be found (are you missing a using directive or an assembly reference?)
[01:21:46.362 Verbose] - BuildManager - C:\Program Files (x86)\Microsoft Visual Studio\2019\Enterprise\MSBuild\Current\Bin\Roslyn\Microsoft.CSharp.Core.targets(71,5): error MSB4181: The "Csc" task returned false but did not log an error.
[01:21:46.374 Verbose] - BuildManager - Some of the file paths defined in the csproj under the Live Unit Testing build path are missing. Verify whether these files should be present under the Live Unit Testing build path and if necessary update the csproj definition to look these files up in a different place.
[01:21:46.374 Verbose] - BuildManager - Item _OutputPathItem 'C:\Users\malia\source\repos\EADCA3\.vs\EADCA3\v16\lut\0\b\TestProject2\Debug\net5.0\' evaluated via:
_OutputPathItem: '$(OutDir)' @ C:\Program Files (x86)\Microsoft Visual Studio\2019\Enterprise\MSBuild\Current\Bin\Microsoft.Common.CurrentVersion.targets:310
  OutDir: '$(OutputPath)' @ C:\Program Files (x86)\Microsoft Visual Studio\2019\Enterprise\MSBuild\Current\Bin\Microsoft.Common.CurrentVersion.targets:228
    OutputPath: '$(OutputPath)$(TargetFramework.ToLowerInvariant())\' @ C:\Program Files\dotnet\sdk\5.0.402\Sdks\Microsoft.NET.Sdk\targets\Microsoft.NET.TargetFrameworkInference.targets:242
      OutputPath: '$(BaseOutputPath)$(Configuration)\' @ C:\Program Files\dotnet\sdk\5.0.402\Sdks\Microsoft.NET.Sdk\targets\Microsoft.NET.DefaultOutputPaths.targets:33
        BaseOutputPath: 'C:\Users\malia\source\repos\EADCA3\.vs\EADCA3\v16\lut\0\b\TestProject2\' @ C:\Users\malia\source\repos\EADCA3\TestProject2\TestProject2.csproj:0
        Configuration: 'Debug'
[01:21:46.375 Verbose] - BuildManager - Item AppConfigFileDestination 'C:\Users\malia\source\repos\EADCA3\.vs\EADCA3\v16\lut\0\b\TestProject2\Debug\net5.0\TestProject2.dll.config' evaluated via:
AppConfigFileDestination: '$(OutDir)$(TargetFileName).config' @ C:\Program Files (x86)\Microsoft Visual Studio\2019\Enterprise\MSBuild\Current\Bin\Microsoft.Common.CurrentVersion.targets:338
  OutDir: '$(OutputPath)' @ C:\Program Files (x86)\Microsoft Visual Studio\2019\Enterprise\MSBuild\Current\Bin\Microsoft.Common.CurrentVersion.targets:228
    OutputPath: '$(OutputPath)$(TargetFramework.ToLowerInvariant())\' @ C:\Program Files\dotnet\sdk\5.0.402\Sdks\Microsoft.NET.Sdk\targets\Microsoft.NET.TargetFrameworkInference.targets:242
      OutputPath: '$(BaseOutputPath)$(Configuration)\' @ C:\Program Files\dotnet\sdk\5.0.402\Sdks\Microsoft.NET.Sdk\targets\Microsoft.NET.DefaultOutputPaths.targets:33
        BaseOutputPath: 'C:\Users\malia\source\repos\EADCA3\.vs\EADCA3\v16\lut\0\b\TestProject2\' @ C:\Users\malia\source\repos\EADCA3\TestProject2\TestProject2.csproj:0
        Configuration: 'Debug'
  TargetFileName: '$(TargetName)$(TargetExt)' @ C:\Program Files (x86)\Microsoft Visual Studio\2019\Enterprise\MSBuild\Current\Bin\Microsoft.Common.CurrentVersion.targets:248
    TargetName: '$(AssemblyName)' @ C:\Program Files (x86)\Microsoft Visual Studio\2019\Enterprise\MSBuild\Current\Bin\Microsoft.Common.CurrentVersion.targets:240
      AssemblyName: '$(MSBuildProjectName)' @ C:\Program Files\dotnet\sdk\5.0.402\Sdks\Microsoft.NET.Sdk\targets\Microsoft.NET.Sdk.props:32
        MSBuildProjectName: 'TestProject2'
    TargetExt: '.dll' @ C:\Program Files\dotnet\sdk\5.0.402\Sdks\Microsoft.NET.Sdk\targets\Microsoft.NET.Sdk.BeforeCommon.targets:99
[01:21:46.375 Verbose] - BuildManager - Item CreateDirectory 'C:\Users\malia\source\repos\EADCA3\.vs\EADCA3\v16\lut\0\b\TestProject2\Debug\net5.0\ref' evaluated via:
CreateDirectory: '$(OutDir)ref' @ C:\Program Files (x86)\Microsoft Visual Studio\2019\Enterprise\MSBuild\Current\Bin\Microsoft.Common.CurrentVersion.targets:398
  OutDir: '$(OutputPath)' @ C:\Program Files (x86)\Microsoft Visual Studio\2019\Enterprise\MSBuild\Current\Bin\Microsoft.Common.CurrentVersion.targets:228
    OutputPath: '$(OutputPath)$(TargetFramework.ToLowerInvariant())\' @ C:\Program Files\dotnet\sdk\5.0.402\Sdks\Microsoft.NET.Sdk\targets\Microsoft.NET.TargetFrameworkInference.targets:242
      OutputPath: '$(BaseOutputPath)$(Configuration)\' @ C:\Program Files\dotnet\sdk\5.0.402\Sdks\Microsoft.NET.Sdk\targets\Microsoft.NET.DefaultOutputPaths.targets:33
        BaseOutputPath: 'C:\Users\malia\source\repos\EADCA3\.vs\EADCA3\v16\lut\0\b\TestProject2\' @ C:\Users\malia\source\repos\EADCA3\TestProject2\TestProject2.csproj:0
        Configuration: 'Debug'
[01:21:46.375 Verbose] - BuildManager - Item _DebugSymbolsOutputPath 'C:\Users\malia\source\repos\EADCA3\.vs\EADCA3\v16\lut\0\b\TestProject2\Debug\net5.0\TestProject2.pdb' evaluated via:
_DebugSymbolsOutputPath: '@(_DebugSymbolsIntermediatePath->'$(OutDir)%(Filename)%(Extension)')' @ C:\Program Files (x86)\Microsoft Visual Studio\2019\Enterprise\MSBuild\Current\Bin\Microsoft.Common.CurrentVersion.targets:404
  OutDir: '$(OutputPath)' @ C:\Program Files (x86)\Microsoft Visual Studio\2019\Enterprise\MSBuild\Current\Bin\Microsoft.Common.CurrentVersion.targets:228
    OutputPath: '$(OutputPath)$(TargetFramework.ToLowerInvariant())\' @ C:\Program Files\dotnet\sdk\5.0.402\Sdks\Microsoft.NET.Sdk\targets\Microsoft.NET.TargetFrameworkInference.targets:242
      OutputPath: '$(BaseOutputPath)$(Configuration)\' @ C:\Program Files\dotnet\sdk\5.0.402\Sdks\Microsoft.NET.Sdk\targets\Microsoft.NET.DefaultOutputPaths.targets:33
        BaseOutputPath: 'C:\Users\malia\source\repos\EADCA3\.vs\EADCA3\v16\lut\0\b\TestProject2\' @ C:\Users\malia\source\repos\EADCA3\TestProject2\TestProject2.csproj:0
        Configuration: 'Debug'
[01:21:46.376 Verbose] - BuildManager - Item _ApplicationManifestFinal 'C:\Users\malia\source\repos\EADCA3\.vs\EADCA3\v16\lut\0\b\TestProject2\Debug\net5.0\Native.TestProject2.manifest' evaluated via:
_ApplicationManifestFinal: '$(OutDir)$(_DeploymentTargetApplicationManifestFileName)' @ C:\Program Files (x86)\Microsoft Visual Studio\2019\Enterprise\MSBuild\Current\Bin\Microsoft.Common.CurrentVersion.targets:442
  OutDir: '$(OutputPath)' @ C:\Program Files (x86)\Microsoft Visual Studio\2019\Enterprise\MSBuild\Current\Bin\Microsoft.Common.CurrentVersion.targets:228
    OutputPath: '$(OutputPath)$(TargetFramework.ToLowerInvariant())\' @ C:\Program Files\dotnet\sdk\5.0.402\Sdks\Microsoft.NET.Sdk\targets\Microsoft.NET.TargetFrameworkInference.targets:242
      OutputPath: '$(BaseOutputPath)$(Configuration)\' @ C:\Program Files\dotnet\sdk\5.0.402\Sdks\Microsoft.NET.Sdk\targets\Microsoft.NET.DefaultOutputPaths.targets:33
        BaseOutputPath: 'C:\Users\malia\source\repos\EADCA3\.vs\EADCA3\v16\lut\0\b\TestProject2\' @ C:\Users\malia\source\repos\EADCA3\TestProject2\TestProject2.csproj:0
        Configuration: 'Debug'
  _DeploymentTargetApplicationManifestFileName: 'Native.$(AssemblyName).manifest' @ C:\Program Files (x86)\Microsoft Visual Studio\2019\Enterprise\MSBuild\Current\Bin\Microsoft.Common.CurrentVersion.targets:264
    AssemblyName: '$(MSBuildProjectName)' @ C:\Program Files\dotnet\sdk\5.0.402\Sdks\Microsoft.NET.Sdk\targets\Microsoft.NET.Sdk.props:32
      MSBuildProjectName: 'TestProject2'
